TN:
SF:src\index.ts
FN:16,(anonymous_1)
FN:26,(anonymous_2)
FN:36,(anonymous_3)
FN:42,(anonymous_4)
FNF:4
FNH:2
FNDA:2,(anonymous_1)
FNDA:2,(anonymous_2)
FNDA:0,(anonymous_3)
FNDA:0,(anonymous_4)
DA:1,1
DA:2,1
DA:3,1
DA:4,1
DA:5,1
DA:6,1
DA:8,1
DA:9,1
DA:11,1
DA:12,1
DA:13,1
DA:14,1
DA:16,1
DA:17,2
DA:20,1
DA:22,1
DA:27,2
DA:36,1
DA:37,0
DA:38,0
DA:41,1
DA:42,0
DA:43,0
DA:47,1
LF:24
LH:20
BRDA:9,0,0,1
BRDA:9,0,1,1
BRDA:41,1,0,0
BRF:3
BRH:2
end_of_record
TN:
SF:src\middleware\auth.ts
FN:10,authenticateToken
FN:23,(anonymous_2)
FN:33,requireRole
FN:34,(anonymous_4)
FNF:4
FNH:4
FNDA:4,authenticateToken
FNDA:3,(anonymous_2)
FNDA:1,requireRole
FNDA:3,(anonymous_4)
DA:1,1
DA:4,1
DA:10,1
DA:15,4
DA:16,4
DA:18,4
DA:19,1
DA:20,1
DA:23,3
DA:24,3
DA:25,0
DA:26,0
DA:28,3
DA:29,3
DA:33,1
DA:34,1
DA:35,3
DA:36,0
DA:37,0
DA:39,3
DA:40,1
DA:41,1
DA:43,2
LF:23
LH:19
BRDA:4,0,0,1
BRDA:4,0,1,1
BRDA:16,1,0,4
BRDA:16,1,1,3
BRDA:18,2,0,1
BRDA:24,3,0,0
BRDA:35,4,0,0
BRDA:39,5,0,1
BRF:8
BRH:6
end_of_record
TN:
SF:src\middleware\rateLimiter.ts
FN:3,createRateLimiter
FNF:1
FNH:1
FNDA:1,createRateLimiter
DA:1,1
DA:3,1
DA:7,1
DA:16,1
LF:4
LH:4
BRDA:8,0,0,1
BRDA:8,0,1,1
BRDA:9,1,0,1
BRDA:9,1,1,1
BRF:4
BRH:4
end_of_record
TN:
SF:src\routes\health.ts
FN:6,(anonymous_0)
FN:15,(anonymous_1)
FN:23,(anonymous_2)
FN:24,(anonymous_3)
FN:28,(anonymous_4)
FNF:5
FNH:5
FNDA:3,(anonymous_0)
FNDA:1,(anonymous_1)
FNDA:1,(anonymous_2)
FNDA:2,(anonymous_3)
FNDA:2,(anonymous_4)
DA:1,1
DA:2,1
DA:4,1
DA:6,1
DA:7,3
DA:8,3
DA:15,1
DA:16,1
DA:17,1
DA:23,1
DA:24,2
DA:25,1
DA:28,1
DA:29,2
DA:30,2
DA:31,1
DA:32,1
DA:34,1
DA:40,1
DA:41,1
LF:20
LH:20
BRDA:30,0,0,1
BRDA:30,1,0,2
BRDA:30,1,1,2
BRDA:37,2,0,1
BRDA:37,2,1,0
BRF:5
BRH:4
end_of_record
TN:
SF:src\services\healthService.ts
FN:10,(anonymous_0)
FN:13,(anonymous_1)
FN:17,(anonymous_2)
FN:21,(anonymous_3)
FN:25,(anonymous_4)
FN:29,(anonymous_5)
FN:32,(anonymous_6)
FN:33,(anonymous_7)
FNF:8
FNH:7
FNDA:1,(anonymous_0)
FNDA:7,(anonymous_1)
FNDA:0,(anonymous_2)
FNDA:19,(anonymous_3)
FNDA:7,(anonymous_4)
FNDA:4,(anonymous_5)
FNDA:4,(anonymous_6)
FNDA:3,(anonymous_7)
DA:10,1
DA:11,1
DA:14,7
DA:18,0
DA:22,19
DA:26,7
DA:30,4
DA:31,4
DA:32,4
DA:33,3
DA:34,2
DA:38,1
LF:12
LH:11
BRDA:31,0,0,0
BRDA:32,1,0,1
BRDA:33,2,0,1
BRF:3
BRH:2
end_of_record
